<?xml version="1.0" encoding="UTF-8"?>
<testsuite name="hello.core.singleton.ConfigurationSingletonTest" tests="2" skipped="0" failures="0" errors="0" timestamp="2022-05-09T06:07:34" hostname="seongha-Macmini.local" time="0.039">
  <properties/>
  <testcase name="configurationDeep()" classname="hello.core.singleton.ConfigurationSingletonTest" time="0.021"/>
  <testcase name="configurationTest()" classname="hello.core.singleton.ConfigurationSingletonTest" time="0.018"/>
  <system-out><![CDATA[call AppConfig.memberService
call AppConfig.memberRepository
call AppConfig.orderService
bean.getClass() = class hello.core.AppConfig$$EnhancerBySpringCGLIB$$3aca37d5
call AppConfig.memberService
call AppConfig.memberRepository
call AppConfig.orderService
memberService -> memberRepository = hello.core.member.MemoryMemberRepository@2ac519dc
orderService -> memberRepository = hello.core.member.MemoryMemberRepository@2ac519dc
memberRepository = hello.core.member.MemoryMemberRepository@2ac519dc
]]></system-out>
  <system-err><![CDATA[]]></system-err>
</testsuite>
