<?xml version="1.0" encoding="UTF-8"?>
<testsuite name="hello.core.beanfind.ApplicationContextBasicFindTest" tests="4" skipped="0" failures="0" errors="0" timestamp="2022-05-09T06:07:33" hostname="seongha-Macmini.local" time="0.089">
  <properties/>
  <testcase name="구체 타입으로 조회" classname="hello.core.beanfind.ApplicationContextBasicFindTest" time="0.037"/>
  <testcase name="빈 이름으로 조회x" classname="hello.core.beanfind.ApplicationContextBasicFindTest" time="0.006"/>
  <testcase name="빈 이름으로 조회" classname="hello.core.beanfind.ApplicationContextBasicFindTest" time="0.001"/>
  <testcase name="이름 없이 타입으로만 조회" classname="hello.core.beanfind.ApplicationContextBasicFindTest" time="0.0"/>
  <system-out><![CDATA[call AppConfig.memberService
call AppConfig.memberRepository
call AppConfig.orderService
call AppConfig.memberService
call AppConfig.memberRepository
call AppConfig.orderService
call AppConfig.memberService
call AppConfig.memberRepository
call AppConfig.orderService
call AppConfig.memberService
call AppConfig.memberRepository
call AppConfig.orderService
]]></system-out>
  <system-err><![CDATA[]]></system-err>
</testsuite>
