<?xml version="1.0" encoding="UTF-8"?>
<testsuite name="hello.core.beanfind.ApplicationContextExtendsFindTest" tests="5" skipped="0" failures="0" errors="0" timestamp="2022-05-09T06:07:33" hostname="seongha-Macmini.local" time="0.068">
  <properties/>
  <testcase name="부모 타입으로 조회시, 자식이 둘 이상 있으면, 중복 오류가 발생한다" classname="hello.core.beanfind.ApplicationContextExtendsFindTest" time="0.002"/>
  <testcase name="부모 타입으로 모두 조회하기 - Object" classname="hello.core.beanfind.ApplicationContextExtendsFindTest" time="0.005"/>
  <testcase name="특정 하위 타입으로 조회" classname="hello.core.beanfind.ApplicationContextExtendsFindTest" time="0.001"/>
  <testcase name="부모 타입으로 조회시, 자식이 둘 이상 있으면, 중복 오류가 발생한다" classname="hello.core.beanfind.ApplicationContextExtendsFindTest" time="0.002"/>
  <testcase name="부모 타입으로 모두 조회하기" classname="hello.core.beanfind.ApplicationContextExtendsFindTest" time="0.005"/>
  <system-out><![CDATA[key = org.springframework.context.annotation.internalConfigurationAnnotationProcessor value = org.springframework.context.annotation.ConfigurationClassPostProcessor@79980d8d
key = org.springframework.context.annotation.internalAutowiredAnnotationProcessor value = org.springframework.beans.factory.annotation.AutowiredAnnotationBeanPostProcessor@35d60381
key = org.springframework.context.annotation.internalCommonAnnotationProcessor value = org.springframework.context.annotation.CommonAnnotationBeanPostProcessor@68ab6ab0
key = org.springframework.context.event.internalEventListenerProcessor value = org.springframework.context.event.EventListenerMethodProcessor@61ffd148
key = org.springframework.context.event.internalEventListenerFactory value = org.springframework.context.event.DefaultEventListenerFactory@58324c9f
key = applicationContextExtendsFindTest.TestConfig value = hello.core.beanfind.ApplicationContextExtendsFindTest$TestConfig$$EnhancerBySpringCGLIB$$7148390a@5d7d8613
key = rateDiscountPolicy value = hello.core.discount.RateDiscountPolicy@6eb089e6
key = fixDiscountPolicy value = hello.core.discount.FixDiscountPolicy@715a70e9
key = environment value = StandardEnvironment {activeProfiles=[], defaultProfiles=[default], propertySources=[PropertiesPropertySource {name='systemProperties'}, SystemEnvironmentPropertySource {name='systemEnvironment'}]}
key = systemProperties value = {gopherProxySet=false, awt.toolkit=sun.lwawt.macosx.LWCToolkit, java.specification.version=11, sun.cpu.isalist=, sun.jnu.encoding=UTF-8, org.gradle.test.worker=1, java.class.path=/Users/seongha/.gradle/caches/7.4.1/workerMain/gradle-worker.jar:/Users/seongha/IdeaProjects/Spring_core_Basics/build/classes/java/test:/Users/seongha/IdeaProjects/Spring_core_Basics/build/classes/java/main:/Users/seongha/IdeaProjects/Spring_core_Basics/build/resources/main:/Users/seongha/.gradle/caches/modules-2/files-2.1/org.springframework.boot/spring-boot-starter-test/2.6.4/4befb5f23c4bac74125d1c9e4f3721586b315d3a/spring-boot-starter-test-2.6.4.jar:/Users/seongha/.gradle/caches/modules-2/files-2.1/org.springframework.boot/spring-boot-starter/2.6.4/31adf5f726b6a5703815b99056110b96db7eff58/spring-boot-starter-2.6.4.jar:/Users/seongha/.gradle/caches/modules-2/files-2.1/org.springframework.boot/spring-boot-test-autoconfigure/2.6.4/fe1ab93aa3ca84e50d0f470a17468a8e7e2770e3/spring-boot-test-autoconfigure-2.6.4.jar:/Users/seongha/.gradle/caches/modules-2/files-2.1/org.springframework.boot/spring-boot-autoconfigure/2.6.4/36e75a2781fc604ac042945eed8be2fe049731df/spring-boot-autoconfigure-2.6.4.jar:/Users/seongha/.gradle/caches/modules-2/files-2.1/org.springframework.boot/spring-boot-test/2.6.4/f7669dafbe66e2805349049c090d9cbca974fbd5/spring-boot-test-2.6.4.jar:/Users/seongha/.gradle/caches/modules-2/files-2.1/org.springframework.boot/spring-boot/2.6.4/356c0ee25794ca46d8344d13cffbc30bfae1dc0e/spring-boot-2.6.4.jar:/Users/seongha/.gradle/caches/modules-2/files-2.1/org.springframework.boot/spring-boot-starter-logging/2.6.4/e8bab752fd29797df304ef2ad8575e5392d96c4c/spring-boot-starter-logging-2.6.4.jar:/Users/seongha/.gradle/caches/modules-2/files-2.1/jakarta.annotation/jakarta.annotation-api/1.3.5/59eb84ee0d616332ff44aba065f3888cf002cd2d/jakarta.annotation-api-1.3.5.jar:/Users/seongha/.gradle/caches/modules-2/files-2.1/org.springframework/spring-test/5.3.16/eba2a6612c3bb86cc71b31c731cb46164309f796/spring-test-5.3.16.jar:/Users/seongha/.gradle/caches/modules-2/files-2.1/org.springframework/spring-context/5.3.16/efb9c749b335bf62dc07c1674e9d76d382a027e5/spring-context-5.3.16.jar:/Users/seongha/.gradle/caches/modules-2/files-2.1/org.springframework/spring-aop/5.3.16/d61c0545e0395de608be52db1cccb60ba841a26b/spring-aop-5.3.16.jar:/Users/seongha/.gradle/caches/modules-2/files-2.1/org.springframework/spring-beans/5.3.16/15decec5cea7a91423272daaae6f5d050c23cf3b/spring-beans-5.3.16.jar:/Users/seongha/.gradle/caches/modules-2/files-2.1/org.springframework/spring-expression/5.3.16/831a17ce70686c571f3c05c4bcfb81012c5814df/spring-expression-5.3.16.jar:/Users/seongha/.gradle/caches/modules-2/files-2.1/org.springframework/spring-core/5.3.16/db1b277cd548c725144580dda8703ce179fb3769/spring-core-5.3.16.jar:/Users/seongha/.gradle/caches/modules-2/files-2.1/org.yaml/snakeyaml/1.29/6d0cdafb2010f1297e574656551d7145240f6e25/snakeyaml-1.29.jar:/Users/seongha/.gradle/caches/modules-2/files-2.1/com.jayway.jsonpath/json-path/2.6.0/67f565b424f7903a12d4f5b9361b11462ecacdac/json-path-2.6.0.jar:/Users/seongha/.gradle/caches/modules-2/files-2.1/jakarta.xml.bind/jakarta.xml.bind-api/2.3.3/48e3b9cfc10752fba3521d6511f4165bea951801/jakarta.xml.bind-api-2.3.3.jar:/Users/seongha/.gradle/caches/modules-2/files-2.1/org.assertj/assertj-core/3.21.0/27a14d6d22c4e3d58f799fb2a5ca8eaf53e6942a/assertj-core-3.21.0.jar:/Users/seongha/.gradle/caches/modules-2/files-2.1/org.hamcrest/hamcrest/2.2/1820c0968dba3a11a1b30669bb1f01978a91dedc/hamcrest-2.2.jar:/Users/seongha/.gradle/caches/modules-2/files-2.1/org.mockito/mockito-junit-jupiter/4.0.0/b76de25bd6e5d8f7924d0536729c0076e37e9396/mockito-junit-jupiter-4.0.0.jar:/Users/seongha/.gradle/caches/modules-2/files-2.1/org.junit.jupiter/junit-jupiter-params/5.8.2/ddeafe92fc263f895bfb73ffeca7fd56e23c2cce/junit-jupiter-params-5.8.2.jar:/Users/seongha/.gradle/caches/modules-2/files-2.1/org.junit.jupiter/junit-jupiter-engine/5.8.2/c598b4328d2f397194d11df3b1648d68d7d990e3/junit-jupiter-engine-5.8.2.jar:/Users/seongha/.gradle/caches/modules-2/files-2.1/org.junit.jupiter/junit-jupiter-api/5.8.2/4c21029217adf07e4c0d0c5e192b6bf610c94bdc/junit-jupiter-api-5.8.2.jar:/Users/seongha/.gradle/caches/modules-2/files-2.1/org.junit.platform/junit-platform-engine/1.8.2/b737de09f19864bd136805c84df7999a142fec29/junit-platform-engine-1.8.2.jar:/Users/seongha/.gradle/caches/modules-2/files-2.1/org.junit.platform/junit-platform-commons/1.8.2/32c8b8617c1342376fd5af2053da6410d8866861/junit-platform-commons-1.8.2.jar:/Users/seongha/.gradle/caches/modules-2/files-2.1/org.junit.jupiter/junit-jupiter/5.8.2/5a817b1e63f1217e5c586090c45e681281f097ad/junit-jupiter-5.8.2.jar:/Users/seongha/.gradle/caches/modules-2/files-2.1/org.mockito/mockito-core/4.0.0/f5195e0c4a45716bbd2d1d29173adbd148acce3a/mockito-core-4.0.0.jar:/Users/seongha/.gradle/caches/modules-2/files-2.1/org.skyscreamer/jsonassert/1.5.0/6c9d5fe2f59da598d9aefc1cfc6528ff3cf32df3/jsonassert-1.5.0.jar:/Users/seongha/.gradle/caches/modules-2/files-2.1/org.xmlunit/xmlunit-core/2.8.4/35be57989ca80eefa03161b211630e319a8f36c6/xmlunit-core-2.8.4.jar:/Users/seongha/.gradle/caches/modules-2/files-2.1/ch.qos.logback/logback-classic/1.2.10/f69d97ef3335c6ab82fc21dfb77ac613f90c1221/logback-classic-1.2.10.jar:/Users/seongha/.gradle/caches/modules-2/files-2.1/org.apache.logging.log4j/log4j-to-slf4j/2.17.1/3619fd18278a1a895c1dca8c5be002768071a20e/log4j-to-slf4j-2.17.1.jar:/Users/seongha/.gradle/caches/modules-2/files-2.1/org.slf4j/jul-to-slf4j/1.7.36/ed46d81cef9c412a88caef405b58f93a678ff2ca/jul-to-slf4j-1.7.36.jar:/Users/seongha/.gradle/caches/modules-2/files-2.1/org.springframework/spring-jcl/5.3.16/18d422952e0ce534c2b0ac8b47176c2432fb7e78/spring-jcl-5.3.16.jar:/Users/seongha/.gradle/caches/modules-2/files-2.1/net.minidev/json-smart/2.4.8/7c62f5f72ab05eb54d40e2abf0360a2fe9ea477f/json-smart-2.4.8.jar:/Users/seongha/.gradle/caches/modules-2/files-2.1/org.slf4j/slf4j-api/1.7.36/6c62681a2f655b49963a5983b8b0950a6120ae14/slf4j-api-1.7.36.jar:/Users/seongha/.gradle/caches/modules-2/files-2.1/jakarta.activation/jakarta.activation-api/1.2.2/99f53adba383cb1bf7c3862844488574b559621f/jakarta.activation-api-1.2.2.jar:/Users/seongha/.gradle/caches/modules-2/files-2.1/net.bytebuddy/byte-buddy/1.11.22/8b4c7fa5562a09da1c2a9ab0873cb51f5034d83f/byte-buddy-1.11.22.jar:/Users/seongha/.gradle/caches/modules-2/files-2.1/net.bytebuddy/byte-buddy-agent/1.11.22/2fbcf3210dfc09b42242e3b66a5281cc5b9adb80/byte-buddy-agent-1.11.22.jar:/Users/seongha/.gradle/caches/modules-2/files-2.1/org.objenesis/objenesis/3.2/7fadf57620c8b8abdf7519533e5527367cb51f09/objenesis-3.2.jar:/Users/seongha/.gradle/caches/modules-2/files-2.1/com.vaadin.external.google/android-json/0.0.20131108.vaadin1/fa26d351fe62a6a17f5cda1287c1c6110dec413f/android-json-0.0.20131108.vaadin1.jar:/Users/seongha/.gradle/caches/modules-2/files-2.1/ch.qos.logback/logback-core/1.2.10/5328406bfcae7bcdcc86810fcb2920d2c297170d/logback-core-1.2.10.jar:/Users/seongha/.gradle/caches/modules-2/files-2.1/org.apache.logging.log4j/log4j-api/2.17.1/d771af8e336e372fb5399c99edabe0919aeaf5b2/log4j-api-2.17.1.jar:/Users/seongha/.gradle/caches/modules-2/files-2.1/net.minidev/accessors-smart/2.4.8/6e1bee5a530caba91893604d6ab41d0edcecca9a/accessors-smart-2.4.8.jar:/Users/seongha/.gradle/caches/modules-2/files-2.1/org.opentest4j/opentest4j/1.2.0/28c11eb91f9b6d8e200631d46e20a7f407f2a046/opentest4j-1.2.0.jar:/Users/seongha/.gradle/caches/modules-2/files-2.1/org.ow2.asm/asm/9.1/a99500cf6eea30535eeac6be73899d048f8d12a8/asm-9.1.jar, java.vm.vendor=Oracle Corporation, sun.arch.data.model=64, user.variant=, java.vendor.url=https://openjdk.java.net/, user.timezone=Asia/Seoul, os.name=Mac OS X, java.vm.specification.version=11, user.country=KR, sun.java.launcher=SUN_STANDARD, sun.boot.library.path=/Library/Java/JavaVirtualMachines/jdk-11.0.14.jdk/Contents/Home/lib, sun.java.command=worker.org.gradle.process.internal.worker.GradleWorkerMain 'Gradle Test Executor 1', http.nonProxyHosts=local|*.local|169.254/16|*.169.254/16, jdk.debug=release, sun.cpu.endian=little, user.home=/Users/seongha, user.language=ko, java.specification.vendor=Oracle Corporation, org.gradle.native=false, java.version.date=2022-01-18, java.home=/Library/Java/JavaVirtualMachines/jdk-11.0.14.jdk/Contents/Home, file.separator=/, java.vm.compressedOopsMode=Zero based, line.separator=
, java.specification.name=Java Platform API Specification, java.vm.specification.vendor=Oracle Corporation, FILE_LOG_CHARSET=UTF-8, java.awt.graphicsenv=sun.awt.CGraphicsEnvironment, java.awt.headless=true, sun.management.compiler=HotSpot 64-Bit Tiered Compilers, ftp.nonProxyHosts=local|*.local|169.254/16|*.169.254/16, java.runtime.version=11.0.14+8-LTS-263, user.name=seongha, path.separator=:, os.version=12.3.1, java.runtime.name=Java(TM) SE Runtime Environment, file.encoding=UTF-8, spring.beaninfo.ignore=true, java.vm.name=Java HotSpot(TM) 64-Bit Server VM, java.vendor.version=18.9, java.vendor.url.bug=https://bugreport.java.com/bugreport/, java.io.tmpdir=/var/folders/kt/5wznkchs3yd7l9k92pm65jlm0000gn/T/, java.version=11.0.14, user.dir=/Users/seongha/IdeaProjects/Spring_core_Basics, os.arch=x86_64, java.vm.specification.name=Java Virtual Machine Specification, PID=1805, java.awt.printerjob=sun.lwawt.macosx.CPrinterJob, sun.os.patch.level=unknown, org.gradle.internal.worker.tmpdir=/Users/seongha/IdeaProjects/Spring_core_Basics/build/tmp/test/work, CONSOLE_LOG_CHARSET=UTF-8, java.library.path=/Users/seongha/Library/Java/Extensions:/Library/Java/Extensions:/Network/Library/Java/Extensions:/System/Library/Java/Extensions:/usr/lib/java:., java.vendor=Oracle Corporation, java.vm.info=mixed mode, java.vm.version=11.0.14+8-LTS-263, sun.io.unicode.encoding=UnicodeBig, java.class.version=55.0, socksNonProxyHosts=local|*.local|169.254/16|*.169.254/16}
key = systemEnvironment value = {PATH=/opt/homebrew/bin:/opt/homebrew/bin:/opt/homebrew/bin:/opt/homebrew/bin:/usr/local/bin:/usr/bin:/bin:/usr/sbin:/sbin:/Users/seongha/Library/Python/3.8/bin, __CFBundleIdentifier=com.jetbrains.intellij, SHELL=/bin/zsh, PAGER=less, LSCOLORS=Gxfxcxdxbxegedabagacad, OLDPWD=/, USER=soopark, ZSH=/Users/seongha/.oh-my-zsh, TMPDIR=/var/folders/kt/5wznkchs3yd7l9k92pm65jlm0000gn/T/, COMMAND_MODE=unix2003, SSH_AUTH_SOCK=/private/tmp/com.apple.launchd.DpMeiK59lh/Listeners, XPC_FLAGS=0x0, MAIL=soopark@student.42seoul.kr, JAVA_MAIN_CLASS_1805=worker.org.gradle.process.internal.worker.GradleWorkerMain, __CF_USER_TEXT_ENCODING=0x1F5:0x3:0x33, LESS=-R, LOGNAME=seongha, LC_CTYPE=ko_KR.UTF-8, XPC_SERVICE_NAME=application.com.jetbrains.intellij.761828.762680, HOME=/Users/seongha}
key = applicationStartup value = org.springframework.core.metrics.DefaultApplicationStartup@42507640
key = org.springframework.context.annotation.ConfigurationClassPostProcessor.importRegistry value = []
key = messageSource value = Empty MessageSource
key = applicationEventMulticaster value = org.springframework.context.event.SimpleApplicationEventMulticaster@4dfe8b37
key = lifecycleProcessor value = org.springframework.context.support.DefaultLifecycleProcessor@11dcd42c
key = rateDiscountPolicy value = hello.core.discount.RateDiscountPolicy@ee8e7ff
key = fixDiscountPolicy value = hello.core.discount.FixDiscountPolicy@61a2aeb7
]]></system-out>
  <system-err><![CDATA[]]></system-err>
</testsuite>
