<?xml version="1.0" encoding="UTF-8"?>
<testsuite name="hello.core.scan.Filter.ComponentFilterAppConfigTest" tests="1" skipped="0" failures="0" errors="0" timestamp="2022-05-09T06:07:34" hostname="seongha-Macmini.local" time="0.027">
  <properties/>
  <testcase name="filterScan()" classname="hello.core.scan.Filter.ComponentFilterAppConfigTest" time="0.027"/>
  <system-out><![CDATA[]]></system-out>
  <system-err><![CDATA[]]></system-err>
</testsuite>
