<?xml version="1.0" encoding="UTF-8"?>
<testsuite name="hello.core.scan.AutoAppConfigTest" tests="1" skipped="0" failures="0" errors="0" timestamp="2022-05-09T06:07:34" hostname="seongha-Macmini.local" time="0.066">
  <properties/>
  <testcase name="basicScan()" classname="hello.core.scan.AutoAppConfigTest" time="0.066"/>
  <system-out><![CDATA[memberRepository = hello.core.member.MemoryMemberRepository@7d4d8579
]]></system-out>
  <system-err><![CDATA[]]></system-err>
</testsuite>
