<?xml version="1.0" encoding="UTF-8"?>
<testsuite name="hello.core.member.MemberServiceTest" tests="1" skipped="0" failures="0" errors="0" timestamp="2022-05-09T06:07:34" hostname="seongha-Macmini.local" time="0.008">
  <properties/>
  <testcase name="join()" classname="hello.core.member.MemberServiceTest" time="0.008"/>
  <system-out><![CDATA[call AppConfig.memberService
call AppConfig.memberRepository
]]></system-out>
  <system-err><![CDATA[]]></system-err>
</testsuite>
