<?xml version="1.0" encoding="UTF-8"?>
<testsuite name="com.seongha.jwttutorial.JwtTutorialApplicationTests" tests="1" skipped="0" failures="0" errors="0" timestamp="2023-02-15T07:14:45" hostname="seongha-Macmini.local" time="0.302">
  <properties/>
  <testcase name="contextLoads()" classname="com.seongha.jwttutorial.JwtTutorialApplicationTests" time="0.302"/>
  <system-out><![CDATA[16:14:39.807 [Test worker] DEBUG org.springframework.boot.test.context.SpringBootTestContextBootstrapper - Neither @ContextConfiguration nor @ContextHierarchy found for test class [JwtTutorialApplicationTests]: using SpringBootContextLoader
16:14:39.816 [Test worker] DEBUG org.springframework.test.context.support.AbstractContextLoader - Could not detect default resource locations for test class [com.seongha.jwttutorial.JwtTutorialApplicationTests]: no resource found for suffixes {-context.xml, Context.groovy}.
16:14:39.817 [Test worker] INFO org.springframework.test.context.support.AnnotationConfigContextLoaderUtils - Could not detect default configuration classes for test class [com.seongha.jwttutorial.JwtTutorialApplicationTests]: JwtTutorialApplicationTests does not declare any static, non-private, non-final, nested classes annotated with @Configuration.
16:14:39.849 [Test worker] DEBUG org.springframework.boot.test.context.SpringBootTestContextBootstrapper - Using ContextCustomizers for test class [JwtTutorialApplicationTests]: [DisableObservabilityContextCustomizer, PropertyMappingContextCustomizer, Customizer, ExcludeFilterContextCustomizer, DuplicateJsonObjectContextCustomizer, MockitoContextCustomizer, TestRestTemplateContextCustomizer]
16:14:39.953 [Test worker] DEBUG org.springframework.context.annotation.ClassPathScanningCandidateComponentProvider - Identified candidate component class: file [/Users/seongha/Documents/jwt-tutorial/build/classes/java/main/com/seongha/jwttutorial/JwtTutorialApplication.class]
16:14:39.960 [Test worker] INFO org.springframework.boot.test.context.SpringBootTestContextBootstrapper - Found @SpringBootConfiguration com.seongha.jwttutorial.JwtTutorialApplication for test class com.seongha.jwttutorial.JwtTutorialApplicationTests
16:14:40.066 [Test worker] DEBUG org.springframework.boot.test.context.SpringBootTestContextBootstrapper - Using TestExecutionListeners for test class [JwtTutorialApplicationTests]: [ServletTestExecutionListener, DirtiesContextBeforeModesTestExecutionListener, ApplicationEventsTestExecutionListener, MockitoTestExecutionListener, DependencyInjectionTestExecutionListener, DirtiesContextTestExecutionListener, TransactionalTestExecutionListener, SqlScriptsTestExecutionListener, WithSecurityContextTestExecutionListener, EventPublishingTestExecutionListener, ReactorContextTestExecutionListener, RestDocsTestExecutionListener, MockRestServiceServerResetTestExecutionListener, MockMvcPrintOnlyOnFailureTestExecutionListener, WebDriverTestExecutionListener, MockWebServiceServerTestExecutionListener, ResetMocksTestExecutionListener]
16:14:40.067 [Test worker] DEBUG org.springframework.test.context.support.AbstractDirtiesContextTestExecutionListener - Before test class: class [JwtTutorialApplicationTests], class annotated with @DirtiesContext [false] with mode [null]

  .   ____          _            __ _ _
 /\\ / ___'_ __ _ _(_)_ __  __ _ \ \ \ \
( ( )\___ | '_ | '_| | '_ \/ _` | \ \ \ \
 \\/  ___)| |_)| | | | | || (_| |  ) ) ) )
  '  |____| .__|_| |_|_| |_\__, | / / / /
 =========|_|==============|___/=/_/_/_/
 :: Spring Boot ::                (v3.0.2)

2023-02-15T16:14:40.551+09:00  INFO 12410 --- [    Test worker] c.s.j.JwtTutorialApplicationTests        : Starting JwtTutorialApplicationTests using Java 17.0.4.1 with PID 12410 (started by seongha in /Users/seongha/Documents/jwt-tutorial)
2023-02-15T16:14:40.553+09:00 DEBUG 12410 --- [    Test worker] c.s.j.JwtTutorialApplicationTests        : Running with Spring Boot v3.0.2, Spring v6.0.4
2023-02-15T16:14:40.554+09:00  INFO 12410 --- [    Test worker] c.s.j.JwtTutorialApplicationTests        : No active profile set, falling back to 1 default profile: "default"
2023-02-15T16:14:41.707+09:00  INFO 12410 --- [    Test worker] .s.d.r.c.RepositoryConfigurationDelegate : Bootstrapping Spring Data JPA repositories in DEFAULT mode.
2023-02-15T16:14:41.744+09:00  INFO 12410 --- [    Test worker] .s.d.r.c.RepositoryConfigurationDelegate : Finished Spring Data repository scanning in 24 ms. Found 0 JPA repository interfaces.
2023-02-15T16:14:42.620+09:00  INFO 12410 --- [    Test worker] o.hibernate.jpa.internal.util.LogHelper  : HHH000204: Processing PersistenceUnitInfo [name: default]
2023-02-15T16:14:42.658+09:00  INFO 12410 --- [    Test worker] org.hibernate.Version                    : HHH000412: Hibernate ORM core version 6.1.6.Final
2023-02-15T16:14:42.797+09:00  WARN 12410 --- [    Test worker] org.hibernate.orm.deprecation            : HHH90000021: Encountered deprecated setting [javax.persistence.sharedCache.mode], use [jakarta.persistence.sharedCache.mode] instead
2023-02-15T16:14:42.948+09:00  INFO 12410 --- [    Test worker] com.zaxxer.hikari.HikariDataSource       : HikariPool-1 - Starting...
2023-02-15T16:14:43.098+09:00  INFO 12410 --- [    Test worker] com.zaxxer.hikari.pool.HikariPool        : HikariPool-1 - Added connection conn0: url=jdbc:h2:mem:testdb user=SA
2023-02-15T16:14:43.100+09:00  INFO 12410 --- [    Test worker] com.zaxxer.hikari.HikariDataSource       : HikariPool-1 - Start completed.
2023-02-15T16:14:43.120+09:00  INFO 12410 --- [    Test worker] SQL dialect                              : HHH000400: Using dialect: org.hibernate.dialect.H2Dialect
Hibernate: 
    
    drop table if exists authority cascade 
Hibernate: 
    
    drop table if exists "user" cascade 
Hibernate: 
    
    drop table if exists user_authority cascade 
Hibernate: 
    
    create table authority (
       authority_name varchar(50) not null,
        primary key (authority_name)
    )
Hibernate: 
    
    create table "user" (
       user_id bigint generated by default as identity,
        activated boolean,
        nickname varchar(50),
        password varchar(100),
        username varchar(50),
        primary key (user_id)
    )
Hibernate: 
    
    create table user_authority (
       user_id bigint not null,
        authority_name varchar(50) not null,
        primary key (user_id, authority_name)
    )
Hibernate: 
    
    alter table if exists "user" 
       add constraint UK_sb8bbouer5wak8vyiiy4pf2bx unique (username)
Hibernate: 
    
    alter table if exists user_authority 
       add constraint FK6ktglpl5mjosa283rvken2py5 
       foreign key (authority_name) 
       references authority
Hibernate: 
    
    alter table if exists user_authority 
       add constraint FKscuh0v3acg0xp6skwcvuynl6x 
       foreign key (user_id) 
       references "user"
2023-02-15T16:14:43.888+09:00  INFO 12410 --- [    Test worker] o.h.e.t.j.p.i.JtaPlatformInitiator       : HHH000490: Using JtaPlatform implementation: [org.hibernate.engine.transaction.jta.platform.internal.NoJtaPlatform]
2023-02-15T16:14:43.899+09:00  INFO 12410 --- [    Test worker] j.LocalContainerEntityManagerFactoryBean : Initialized JPA EntityManagerFactory for persistence unit 'default'
2023-02-15T16:14:44.037+09:00  WARN 12410 --- [    Test worker] JpaBaseConfiguration$JpaWebConfiguration : spring.jpa.open-in-view is enabled by default. Therefore, database queries may be performed during view rendering. Explicitly configure spring.jpa.open-in-view to disable this warning
2023-02-15T16:14:44.086+09:00  WARN 12410 --- [    Test worker] .s.s.UserDetailsServiceAutoConfiguration : 

Using generated security password: 2fc69d12-4c72-41b2-80dd-a65f6089db5b

This generated password is for development use only. Your security configuration must be updated before running your application in production.

2023-02-15T16:14:44.493+09:00  INFO 12410 --- [    Test worker] o.s.s.web.DefaultSecurityFilterChain     : Will secure any request with [org.springframework.security.web.session.DisableEncodeUrlFilter@57806346, org.springframework.security.web.context.request.async.WebAsyncManagerIntegrationFilter@40416321, org.springframework.security.web.context.SecurityContextHolderFilter@3911fec8, org.springframework.security.web.header.HeaderWriterFilter@23b087c3, org.springframework.security.web.csrf.CsrfFilter@9ae0794, org.springframework.security.web.authentication.logout.LogoutFilter@5ce41f1f, org.springframework.security.web.savedrequest.RequestCacheAwareFilter@59bbf82e, org.springframework.security.web.servletapi.SecurityContextHolderAwareRequestFilter@1c3a64b6, org.springframework.security.web.authentication.AnonymousAuthenticationFilter@3ab70d34, org.springframework.security.web.access.ExceptionTranslationFilter@7d2baa56, org.springframework.security.web.access.intercept.AuthorizationFilter@33f4844b]
2023-02-15T16:14:44.835+09:00  INFO 12410 --- [    Test worker] o.s.b.a.h2.H2ConsoleAutoConfiguration    : H2 console available at '/h2-console'. Database available at 'jdbc:h2:mem:testdb'
2023-02-15T16:14:45.042+09:00  INFO 12410 --- [    Test worker] c.s.j.JwtTutorialApplicationTests        : Started JwtTutorialApplicationTests in 4.905 seconds (process running for 6.39)
]]></system-out>
  <system-err><![CDATA[]]></system-err>
</testsuite>
